# JRE version: OpenJDK Runtime Environment Microsoft-8035246 (17.0.8+7) (build 17.0.8+7-LTS)
# Java VM: OpenJDK 64-Bit Server VM Microsoft-8035246 (17.0.8+7-LTS, mixed mode, sharing, tiered, compressed oops, compressed class ptrs, g1 gc, windows-amd64)
GC Precious Log:
 CPUs: 8 total, 8 available
 Memory: 7834M
 Large Page Support: Disabled
 NUMA Support: Disabled
 Compressed Oops: Enabled (32-bit)
 Heap Region Size: 1M
 Heap Min Capacity: 8M
 Heap Initial Capacity: 124M
 Heap Max Capacity: 2G
 Pre-touch: Disabled
 Parallel Workers: 8
 Concurrent Workers: 2
 Concurrent Refinement Workers: 8
 Periodic GC: Disabled
Heap:
 garbage-first heap   total 329728K, used 236955K [0x0000000080000000, 0x0000000100000000)
  region size 1024K, 15 young (15360K), 5 survivors (5120K)
 Metaspace       used 111969K, committed 113088K, reserved 557056K
  class space    used 15463K, committed 16000K, reserved 425984K
GC Heap History (20 events):
Event: 37.167 GC heap before
{Heap before GC invocations=68 (full 0):
 garbage-first heap   total 274432K, used 232727K [0x0000000080000000, 0x0000000100000000)
  region size 1024K, 34 young (34816K), 2 survivors (2048K)
 Metaspace       used 109094K, committed 110208K, reserved 557056K
  class space    used 15261K, committed 15808K, reserved 425984K
}
Event: 37.173 GC heap after
{Heap after GC invocations=69 (full 0):
 garbage-first heap   total 274432K, used 204495K [0x0000000080000000, 0x0000000100000000)
  region size 1024K, 5 young (5120K), 5 survivors (5120K)
 Metaspace       used 109094K, committed 110208K, reserved 557056K
  class space    used 15261K, committed 15808K, reserved 425984K
}
Event: 37.471 GC heap before
{Heap before GC invocations=69 (full 0):
 garbage-first heap   total 274432K, used 234191K [0x0000000080000000, 0x0000000100000000)
  region size 1024K, 34 young (34816K), 5 survivors (5120K)
 Metaspace       used 109458K, committed 110592K, reserved 557056K
  class space    used 15290K, committed 15808K, reserved 425984K
}
Event: 37.479 GC heap after
{Heap after GC invocations=70 (full 0):
 garbage-first heap   total 274432K, used 208404K [0x0000000080000000, 0x0000000100000000)
  region size 1024K, 4 young (4096K), 4 survivors (4096K)
 Metaspace       used 109458K, committed 110592K, reserved 557056K
  class space    used 15290K, committed 15808K, reserved 425984K
}
Event: 37.755 GC heap before
{Heap before GC invocations=70 (full 0):
 garbage-first heap   total 274432K, used 235028K [0x0000000080000000, 0x0000000100000000)
  region size 1024K, 30 young (30720K), 4 survivors (4096K)
 Metaspace       used 109605K, committed 110720K, reserved 557056K
  class space    used 15291K, committed 15808K, reserved 425984K
}
Event: 37.760 GC heap after
{Heap after GC invocations=71 (full 0):
 garbage-first heap   total 274432K, used 211043K [0x0000000080000000, 0x0000000100000000)
  region size 1024K, 3 young (3072K), 3 survivors (3072K)
 Metaspace       used 109605K, committed 110720K, reserved 557056K
  class space    used 15291K, committed 15808K, reserved 425984K
}
Event: 37.985 GC heap before
{Heap before GC invocations=71 (full 0):
 garbage-first heap   total 274432K, used 235619K [0x0000000080000000, 0x0000000100000000)
  region size 1024K, 28 young (28672K), 3 survivors (3072K)
 Metaspace       used 110184K, committed 111296K, reserved 557056K
  class space    used 15340K, committed 15872K, reserved 425984K
}
Event: 37.992 GC heap after
{Heap after GC invocations=72 (full 0):
 garbage-first heap   total 274432K, used 214594K [0x0000000080000000, 0x0000000100000000)
  region size 1024K, 4 young (4096K), 4 survivors (4096K)
 Metaspace       used 110184K, committed 111296K, reserved 557056K
  class space    used 15340K, committed 15872K, reserved 425984K
}
Event: 38.276 GC heap before
{Heap before GC invocations=72 (full 0):
 garbage-first heap   total 274432K, used 241218K [0x0000000080000000, 0x0000000100000000)
  region size 1024K, 26 young (26624K), 4 survivors (4096K)
 Metaspace       used 111529K, committed 112576K, reserved 557056K
  class space    used 15417K, committed 15936K, reserved 425984K
}
Event: 38.283 GC heap after
{Heap after GC invocations=73 (full 0):
 garbage-first heap   total 274432K, used 218280K [0x0000000080000000, 0x0000000100000000)
  region size 1024K, 4 young (4096K), 4 survivors (4096K)
 Metaspace       used 111529K, committed 112576K, reserved 557056K
  class space    used 15417K, committed 15936K, reserved 425984K
}
Event: 38.411 GC heap before
{Heap before GC invocations=73 (full 0):
 garbage-first heap   total 274432K, used 235688K [0x0000000080000000, 0x0000000100000000)
  region size 1024K, 22 young (22528K), 4 survivors (4096K)
 Metaspace       used 111569K, committed 112640K, reserved 557056K
  class space    used 15423K, committed 15936K, reserved 425984K
}
Event: 38.416 GC heap after
{Heap after GC invocations=74 (full 0):
 garbage-first heap   total 329728K, used 220150K [0x0000000080000000, 0x0000000100000000)
  region size 1024K, 3 young (3072K), 3 survivors (3072K)
 Metaspace       used 111569K, committed 112640K, reserved 557056K
  class space    used 15423K, committed 15936K, reserved 425984K
}
Event: 38.943 GC heap before
{Heap before GC invocations=74 (full 0):
 garbage-first heap   total 329728K, used 273398K [0x0000000080000000, 0x0000000100000000)
  region size 1024K, 55 young (56320K), 3 survivors (3072K)
 Metaspace       used 111965K, committed 113088K, reserved 557056K
  class space    used 15462K, committed 16000K, reserved 425984K
}
Event: 38.950 GC heap after
{Heap after GC invocations=75 (full 0):
 garbage-first heap   total 329728K, used 222509K [0x0000000080000000, 0x0000000100000000)
  region size 1024K, 5 young (5120K), 5 survivors (5120K)
 Metaspace       used 111965K, committed 113088K, reserved 557056K
  class space    used 15462K, committed 16000K, reserved 425984K
}
Event: 39.260 GC heap before
{Heap before GC invocations=75 (full 0):
 garbage-first heap   total 329728K, used 274733K [0x0000000080000000, 0x0000000100000000)
  region size 1024K, 57 young (58368K), 5 survivors (5120K)
 Metaspace       used 111967K, committed 113088K, reserved 557056K
  class space    used 15462K, committed 16000K, reserved 425984K
}
Event: 39.266 GC heap after
{Heap after GC invocations=76 (full 0):
 garbage-first heap   total 329728K, used 224416K [0x0000000080000000, 0x0000000100000000)
  region size 1024K, 5 young (5120K), 5 survivors (5120K)
 Metaspace       used 111967K, committed 113088K, reserved 557056K
  class space    used 15462K, committed 16000K, reserved 425984K
}
Event: 39.767 GC heap before
{Heap before GC invocations=76 (full 0):
 garbage-first heap   total 329728K, used 276640K [0x0000000080000000, 0x0000000100000000)
  region size 1024K, 56 young (57344K), 5 survivors (5120K)
 Metaspace       used 111967K, committed 113088K, reserved 557056K
  class space    used 15463K, committed 16000K, reserved 425984K
}
Event: 39.772 GC heap after
{Heap after GC invocations=77 (full 0):
 garbage-first heap   total 329728K, used 226231K [0x0000000080000000, 0x0000000100000000)
  region size 1024K, 5 young (5120K), 5 survivors (5120K)
 Metaspace       used 111967K, committed 113088K, reserved 557056K
  class space    used 15463K, committed 16000K, reserved 425984K
}
Event: 40.262 GC heap before
{Heap before GC invocations=77 (full 0):
 garbage-first heap   total 329728K, used 278455K [0x0000000080000000, 0x0000000100000000)
  region size 1024K, 56 young (57344K), 5 survivors (5120K)
 Metaspace       used 111969K, committed 113088K, reserved 557056K
  class space    used 15463K, committed 16000K, reserved 425984K
}
Event: 40.267 GC heap after
{Heap after GC invocations=78 (full 0):
 garbage-first heap   total 329728K, used 227739K [0x0000000080000000, 0x0000000100000000)
  region size 1024K, 5 young (5120K), 5 survivors (5120K)
 Metaspace       used 111969K, committed 113088K, reserved 557056K
  class space    used 15463K, committed 16000K, reserved 425984K
}

