# JRE version: OpenJDK Runtime Environment Microsoft-8035246 (17.0.8+7) (build 17.0.8+7-LTS)
# Java VM: OpenJDK 64-Bit Server VM Microsoft-8035246 (17.0.8+7-LTS, mixed mode, sharing, tiered, compressed oops, compressed class ptrs, g1 gc, windows-amd64)
GC Precious Log:
 CPUs: 8 total, 8 available
 Memory: 7834M
 Large Page Support: Disabled
 NUMA Support: Disabled
 Compressed Oops: Enabled (32-bit)
 Heap Region Size: 1M
 Heap Min Capacity: 8M
 Heap Initial Capacity: 124M
 Heap Max Capacity: 2G
 Pre-touch: Disabled
 Parallel Workers: 8
 Concurrent Workers: 2
 Concurrent Refinement Workers: 8
 Periodic GC: Disabled
Heap:
 garbage-first heap   total 577536K, used 195821K [0x0000000080000000, 0x0000000100000000)
  region size 1024K, 8 young (8192K), 8 survivors (8192K)
 Metaspace       used 193863K, committed 196032K, reserved 622592K
  class space    used 25125K, committed 26304K, reserved 425984K
GC Heap History (20 events):
Event: 9580.677 GC heap after
{Heap after GC invocations=149 (full 0):
 garbage-first heap   total 1202176K, used 343269K [0x0000000080000000, 0x0000000100000000)
  region size 1024K, 8 young (8192K), 8 survivors (8192K)
 Metaspace       used 193710K, committed 195904K, reserved 622592K
  class space    used 25253K, committed 26304K, reserved 425984K
}
Event: 9581.241 GC heap before
{Heap before GC invocations=149 (full 0):
 garbage-first heap   total 1202176K, used 394469K [0x0000000080000000, 0x0000000100000000)
  region size 1024K, 58 young (59392K), 8 survivors (8192K)
 Metaspace       used 193751K, committed 195904K, reserved 622592K
  class space    used 25253K, committed 26304K, reserved 425984K
}
Event: 9581.434 GC heap after
{Heap after GC invocations=150 (full 0):
 garbage-first heap   total 1202176K, used 343113K [0x0000000080000000, 0x0000000100000000)
  region size 1024K, 8 young (8192K), 8 survivors (8192K)
 Metaspace       used 193751K, committed 195904K, reserved 622592K
  class space    used 25253K, committed 26304K, reserved 425984K
}
Event: 9582.212 GC heap before
{Heap before GC invocations=150 (full 0):
 garbage-first heap   total 1202176K, used 393289K [0x0000000080000000, 0x0000000100000000)
  region size 1024K, 58 young (59392K), 8 survivors (8192K)
 Metaspace       used 193784K, committed 195968K, reserved 622592K
  class space    used 25254K, committed 26304K, reserved 425984K
}
Event: 9582.268 GC heap after
{Heap after GC invocations=151 (full 0):
 garbage-first heap   total 1202176K, used 348216K [0x0000000080000000, 0x0000000100000000)
  region size 1024K, 5 young (5120K), 5 survivors (5120K)
 Metaspace       used 193784K, committed 195968K, reserved 622592K
  class space    used 25254K, committed 26304K, reserved 425984K
}
Event: 9586.094 GC heap before
{Heap before GC invocations=152 (full 0):
 garbage-first heap   total 1202176K, used 410680K [0x0000000080000000, 0x0000000100000000)
  region size 1024K, 67 young (68608K), 5 survivors (5120K)
 Metaspace       used 192948K, committed 195840K, reserved 622592K
  class space    used 25122K, committed 26304K, reserved 425984K
}
Event: 9586.134 GC heap after
{Heap after GC invocations=153 (full 0):
 garbage-first heap   total 1202176K, used 350922K [0x0000000080000000, 0x0000000100000000)
  region size 1024K, 8 young (8192K), 8 survivors (8192K)
 Metaspace       used 192948K, committed 195840K, reserved 622592K
  class space    used 25122K, committed 26304K, reserved 425984K
}
Event: 9617.036 GC heap before
{Heap before GC invocations=153 (full 0):
 garbage-first heap   total 1202176K, used 401098K [0x0000000080000000, 0x0000000100000000)
  region size 1024K, 58 young (59392K), 8 survivors (8192K)
 Metaspace       used 193022K, committed 195840K, reserved 622592K
  class space    used 25128K, committed 26304K, reserved 425984K
}
Event: 9617.338 GC heap after
{Heap after GC invocations=154 (full 0):
 garbage-first heap   total 1202176K, used 322863K [0x0000000080000000, 0x0000000100000000)
  region size 1024K, 4 young (4096K), 4 survivors (4096K)
 Metaspace       used 193022K, committed 195840K, reserved 622592K
  class space    used 25128K, committed 26304K, reserved 425984K
}
Event: 12006.893 GC heap before
{Heap before GC invocations=154 (full 0):
 garbage-first heap   total 1202176K, used 378159K [0x0000000080000000, 0x0000000100000000)
  region size 1024K, 58 young (59392K), 4 survivors (4096K)
 Metaspace       used 193050K, committed 195840K, reserved 622592K
  class space    used 25133K, committed 26304K, reserved 425984K
}
Event: 12007.187 GC heap after
{Heap after GC invocations=155 (full 0):
 garbage-first heap   total 1202176K, used 315868K [0x0000000080000000, 0x0000000100000000)
  region size 1024K, 4 young (4096K), 4 survivors (4096K)
 Metaspace       used 193050K, committed 195840K, reserved 622592K
  class space    used 25133K, committed 26304K, reserved 425984K
}
Event: 13185.878 GC heap before
{Heap before GC invocations=155 (full 0):
 garbage-first heap   total 1202176K, used 340444K [0x0000000080000000, 0x0000000100000000)
  region size 1024K, 29 young (29696K), 4 survivors (4096K)
 Metaspace       used 193050K, committed 195840K, reserved 622592K
  class space    used 25133K, committed 26304K, reserved 425984K
}
Event: 13192.131 GC heap after
{Heap after GC invocations=156 (full 1):
 garbage-first heap   total 577536K, used 166610K [0x0000000080000000, 0x0000000100000000)
  region size 1024K, 0 young (0K), 0 survivors (0K)
 Metaspace       used 191969K, committed 195712K, reserved 622592K
  class space    used 24896K, committed 26304K, reserved 425984K
}
Event: 15030.906 GC heap before
{Heap before GC invocations=156 (full 1):
 garbage-first heap   total 577536K, used 301778K [0x0000000080000000, 0x0000000100000000)
  region size 1024K, 133 young (136192K), 0 survivors (0K)
 Metaspace       used 192545K, committed 195712K, reserved 622592K
  class space    used 24986K, committed 26304K, reserved 425984K
}
Event: 15030.996 GC heap after
{Heap after GC invocations=157 (full 1):
 garbage-first heap   total 577536K, used 177730K [0x0000000080000000, 0x0000000100000000)
  region size 1024K, 11 young (11264K), 11 survivors (11264K)
 Metaspace       used 192545K, committed 195712K, reserved 622592K
  class space    used 24986K, committed 26304K, reserved 425984K
}
Event: 15040.874 GC heap before
{Heap before GC invocations=158 (full 1):
 garbage-first heap   total 577536K, used 347714K [0x0000000080000000, 0x0000000100000000)
  region size 1024K, 177 young (181248K), 11 survivors (11264K)
 Metaspace       used 192747K, committed 195712K, reserved 622592K
  class space    used 24999K, committed 26304K, reserved 425984K
}
Event: 15041.044 GC heap after
{Heap after GC invocations=159 (full 1):
 garbage-first heap   total 577536K, used 189138K [0x0000000080000000, 0x0000000100000000)
  region size 1024K, 22 young (22528K), 22 survivors (22528K)
 Metaspace       used 192747K, committed 195712K, reserved 622592K
  class space    used 24999K, committed 26304K, reserved 425984K
}
Event: 15041.063 GC heap before
{Heap before GC invocations=159 (full 1):
 garbage-first heap   total 577536K, used 195282K [0x0000000080000000, 0x0000000100000000)
  region size 1024K, 28 young (28672K), 22 survivors (22528K)
 Metaspace       used 192747K, committed 195712K, reserved 622592K
  class space    used 24999K, committed 26304K, reserved 425984K
}
Event: 15041.211 GC heap after
{Heap after GC invocations=160 (full 1):
 garbage-first heap   total 577536K, used 190909K [0x0000000080000000, 0x0000000100000000)
  region size 1024K, 3 young (3072K), 3 survivors (3072K)
 Metaspace       used 192747K, committed 195712K, reserved 622592K
  class space    used 24999K, committed 26304K, reserved 425984K
}
Event: 16906.300 GC heap before
{Heap before GC invocations=160 (full 1):
 garbage-first heap   total 577536K, used 370109K [0x0000000080000000, 0x0000000100000000)
  region size 1024K, 179 young (183296K), 3 survivors (3072K)
 Metaspace       used 193863K, committed 196032K, reserved 622592K
  class space    used 25125K, committed 26304K, reserved 425984K
}

